Build started 20.03.2013 22:56:02.
     1>Project "C:\Users\heno\Documents\visual studio 2010\Projects\Scrapheap Spaceships\Scrapheap Spaceships\Scrapheap Spaceships.vcxproj" on node 2 (build target(s)).
     1>InitializeBuildStatus:
         Creating "Debug\Scrapheap Spaceships.unsuccessfulbuild" because "AlwaysCreate" was specified.
       ClCompile:
         g:\DragLib\MSVCExpress\VC\bin\CL.exe /c /I"G:\DragLib\allegro-5.0.8-msvc-10.0\include" /ZI /nologo /W3 /WX- /Od /Oy- /D _MBCS /Gm /EHsc /RTC1 /MDd /GS /fp:precise /Zc:wchar_t /Zc:forScope /Fo"Debug\\" /Fd"Debug\vc100.pdb" /Gd /TP /analyze- /errorReport:prompt OurEntity.cpp
         OurEntity.cpp
       Link:
         g:\DragLib\MSVCExpress\VC\bin\link.exe /ERRORREPORT:PROMPT /OUT:"C:\Users\heno\Documents\visual studio 2010\Projects\Scrapheap Spaceships\Debug\Scrapheap Spaceships.exe" /NOLOGO /LIBPATH:"G:\DragLib\allegro-5.0.8-msvc-10.0\lib" "allegro-5.0.8-monolith-md-debug.lib" kernel32.lib user32.lib gdi32.lib winspool.lib comdlg32.lib advapi32.lib shell32.lib ole32.lib oleaut32.lib uuid.lib odbc32.lib odbccp32.lib /MANIFEST /ManifestFile:"Debug\Scrapheap Spaceships.exe.intermediate.manifest" /MANIFESTUAC:"level='asInvoker' uiAccess='false'" /DEBUG /PDB:"C:\Users\heno\Documents\visual studio 2010\Projects\Scrapheap Spaceships\Debug\Scrapheap Spaceships.pdb" /TLBID:1 /DYNAMICBASE /NXCOMPAT /IMPLIB:"C:\Users\heno\Documents\visual studio 2010\Projects\Scrapheap Spaceships\Debug\Scrapheap Spaceships.lib" /MACHINE:X86 Debug\BasicGameEngine.obj
         Debug\GameInterface.obj
         Debug\main.obj
         Debug\OurEntity.obj
         Debug\OurHero.obj
         Debug\Projectiles.obj
         LINK : C:\Users\heno\Documents\visual studio 2010\Projects\Scrapheap Spaceships\Debug\Scrapheap Spaceships.exe not found or not built by the last incremental link; performing full link
         Scrapheap Spaceships.vcxproj -> C:\Users\heno\Documents\visual studio 2010\Projects\Scrapheap Spaceships\Debug\Scrapheap Spaceships.exe
       Manifest:
         C:\Program Files (x86)\Microsoft SDKs\Windows\v7.0A\bin\mt.exe /nologo /verbose /outputresource:"C:\Users\heno\Documents\visual studio 2010\Projects\Scrapheap Spaceships\Debug\Scrapheap Spaceships.exe;#1" /manifest "Debug\Scrapheap Spaceships.exe.intermediate.manifest"
       FinalizeBuildStatus:
         Deleting file "Debug\Scrapheap Spaceships.unsuccessfulbuild".
         Touching "Debug\Scrapheap Spaceships.lastbuildstate".
     1>Done Building Project "C:\Users\heno\Documents\visual studio 2010\Projects\Scrapheap Spaceships\Scrapheap Spaceships\Scrapheap Spaceships.vcxproj" (build target(s)).

Build succeeded.

Time Elapsed 00:00:01.03
